<html>
<head>
<title>TestNG:  GlobalMenuNavigation Tests - FF</title>
<link href="../testng.css" rel="stylesheet" type="text/css" />
<link href="../my-testng.css" rel="stylesheet" type="text/css" />

<style type="text/css">
.log { display: none;} 
.stack-trace { display: none;} 
</style>
<script type="text/javascript">
<!--
function flip(e) {
  current = e.style.display;
  if (current == 'block') {
    e.style.display = 'none';
    return 0;
  }
  else {
    e.style.display = 'block';
    return 1;
  }
}

function toggleBox(szDivId, elem, msg1, msg2)
{
  var res = -1;  if (document.getElementById) {
    res = flip(document.getElementById(szDivId));
  }
  else if (document.all) {
    // this is the way old msie versions work
    res = flip(document.all[szDivId]);
  }
  if(elem) {
    if(res == 0) elem.innerHTML = msg1; else elem.innerHTML = msg2;
  }

}

function toggleAllBoxes() {
  if (document.getElementsByTagName) {
    d = document.getElementsByTagName('div');
    for (i = 0; i < d.length; i++) {
      if (d[i].className == 'log') {
        flip(d[i]);
      }
    }
  }
}

// -->
</script>

</head>
<body>
<h2 align='center'>GlobalMenuNavigation Tests - FF</h2><table border='1' align="center">
<tr>
<td>Tests passed/Failed/Skipped:</td><td>7/9/0</td>
</tr><tr>
<td>Started on:</td><td>Mon Jun 17 08:58:59 MST 2013</td>
</tr>
<tr><td>Total time:</td><td>707 seconds (707671 ms)</td>
</tr><tr>
<td>Included groups:</td><td></td>
</tr><tr>
<td>Excluded groups:</td><td></td>
</tr>
</table><p/>
<small><i>(Hover the method name to see the test class name)</i></small><p/>
<table width='100%' border='1' class='invocation-failed'>
<tr><td colspan='4' align='center'><b>FAILED TESTS</b></td></tr>
<tr><td><b>Test method</b></td>
<td width="30%"><b>Exception</b></td>
<td width="10%"><b>Time (seconds)</b></td>
<td><b>Instance</b></td>
</tr>
<tr>
<td title='argos.saleslogix.selenium.test.GlobalMenuNavigationTests.test05_SeTestTCGlobalMenuEditActivity()'><b>test05_SeTestTCGlobalMenuEditActivity</b><br>Test class: argos.saleslogix.selenium.test.GlobalMenuNavigationTests</td>
<td><div><pre>java.lang.AssertionError: expected:&lt;Complete Activity&gt; but was:&lt;&gt;
	at org.testng.AssertJUnit.assertEquals(AssertJUnit.java:101)
	at org.testng.AssertJUnit.assertEquals(AssertJUnit.java:108)
	at argos.saleslogix.selenium.test.GlobalMenuNavigationTests.test05_SeTestTCGlobalMenuEditActivity(GlobalMenuNavigationTests.java:1056)
	at sun.reflect.NativeMethodAccessorImpl.invoke0(Native Method)
	at sun.reflect.NativeMethodAccessorImpl.invoke(Unknown Source)
	at sun.reflect.DelegatingMethodAccessorImpl.invoke(Unknown Source)
	at java.lang.reflect.Method.invoke(Unknown Source)
	at org.testng.internal.MethodInvocationHelper.invokeMethod(MethodInvocationHelper.java:84)
	at org.testng.internal.Invoker.invokeMethod(Invoker.java:714)
	at org.testng.internal.Invoker.invokeTestMethod(Invoker.java:901)
	at org.testng.internal.Invoker.invokeTestMethods(Invoker.java:1231)
	at org.testng.internal.TestMethodWorker.invokeTestMethods(TestMethodWorker.java:127)
	at org.testng.internal.TestMethodWorker.run(TestMethodWorker.java:111)
	at java.util.concurrent.ThreadPoolExecutor.runWorker(Unknown Source)
	at java.util.concurrent.ThreadPoolExecutor$Worker.run(Unknown Source)
	at java.lang.Thread.run(Unknown Source)
</pre></div><a href='#' onClick='toggleBox("stack-trace3088519", this, "Click to show all stack frames", "Click to hide stack frames")'>Click to show all stack frames</a>
<div class='stack-trace' id='stack-trace3088519'><pre>java.lang.AssertionError: expected:&lt;Complete Activity&gt; but was:&lt;&gt;
	at org.testng.AssertJUnit.assertEquals(AssertJUnit.java:101)
	at org.testng.AssertJUnit.assertEquals(AssertJUnit.java:108)
	at argos.saleslogix.selenium.test.GlobalMenuNavigationTests.test05_SeTestTCGlobalMenuEditActivity(GlobalMenuNavigationTests.java:1056)
	at sun.reflect.NativeMethodAccessorImpl.invoke0(Native Method)
	at sun.reflect.NativeMethodAccessorImpl.invoke(Unknown Source)
	at sun.reflect.DelegatingMethodAccessorImpl.invoke(Unknown Source)
	at java.lang.reflect.Method.invoke(Unknown Source)
	at org.testng.internal.MethodInvocationHelper.invokeMethod(MethodInvocationHelper.java:84)
	at org.testng.internal.Invoker.invokeMethod(Invoker.java:714)
	at org.testng.internal.Invoker.invokeTestMethod(Invoker.java:901)
	at org.testng.internal.Invoker.invokeTestMethods(Invoker.java:1231)
	at org.testng.internal.TestMethodWorker.invokeTestMethods(TestMethodWorker.java:127)
	at org.testng.internal.TestMethodWorker.run(TestMethodWorker.java:111)
	at java.util.concurrent.ThreadPoolExecutor.runWorker(Unknown Source)
	at java.util.concurrent.ThreadPoolExecutor$Worker.run(Unknown Source)
	at java.lang.Thread.run(Unknown Source)
</pre></div></td>
<td>0</td>
<td>argos.saleslogix.selenium.test.GlobalMenuNavigationTests@1114133</td></tr>
<tr>
<td title='argos.saleslogix.selenium.test.GlobalMenuNavigationTests.test06_SeTestTCGlobalMenuEditContact()'><b>test06_SeTestTCGlobalMenuEditContact</b><br>Test class: argos.saleslogix.selenium.test.GlobalMenuNavigationTests</td>
<td><div><pre>java.lang.AssertionError: timeout
	at org.testng.Assert.fail(Assert.java:94)
	at argos.saleslogix.selenium.test.GlobalMenuNavigationTests.test06_SeTestTCGlobalMenuEditContact(GlobalMenuNavigationTests.java:1474)
	at sun.reflect.NativeMethodAccessorImpl.invoke0(Native Method)
	at sun.reflect.NativeMethodAccessorImpl.invoke(Unknown Source)
	at sun.reflect.DelegatingMethodAccessorImpl.invoke(Unknown Source)
	at java.lang.reflect.Method.invoke(Unknown Source)
	at org.testng.internal.MethodInvocationHelper.invokeMethod(MethodInvocationHelper.java:84)
	at org.testng.internal.Invoker.invokeMethod(Invoker.java:714)
	at org.testng.internal.Invoker.invokeTestMethod(Invoker.java:901)
	at org.testng.internal.Invoker.invokeTestMethods(Invoker.java:1231)
	at org.testng.internal.TestMethodWorker.invokeTestMethods(TestMethodWorker.java:127)
	at org.testng.internal.TestMethodWorker.run(TestMethodWorker.java:111)
	at java.util.concurrent.ThreadPoolExecutor.runWorker(Unknown Source)
	at java.util.concurrent.ThreadPoolExecutor$Worker.run(Unknown Source)
	at java.lang.Thread.run(Unknown Source)
</pre></div><a href='#' onClick='toggleBox("stack-trace10828704", this, "Click to show all stack frames", "Click to hide stack frames")'>Click to show all stack frames</a>
<div class='stack-trace' id='stack-trace10828704'><pre>java.lang.AssertionError: timeout
	at org.testng.Assert.fail(Assert.java:94)
	at argos.saleslogix.selenium.test.GlobalMenuNavigationTests.test06_SeTestTCGlobalMenuEditContact(GlobalMenuNavigationTests.java:1474)
	at sun.reflect.NativeMethodAccessorImpl.invoke0(Native Method)
	at sun.reflect.NativeMethodAccessorImpl.invoke(Unknown Source)
	at sun.reflect.DelegatingMethodAccessorImpl.invoke(Unknown Source)
	at java.lang.reflect.Method.invoke(Unknown Source)
	at org.testng.internal.MethodInvocationHelper.invokeMethod(MethodInvocationHelper.java:84)
	at org.testng.internal.Invoker.invokeMethod(Invoker.java:714)
	at org.testng.internal.Invoker.invokeTestMethod(Invoker.java:901)
	at org.testng.internal.Invoker.invokeTestMethods(Invoker.java:1231)
	at org.testng.internal.TestMethodWorker.invokeTestMethods(TestMethodWorker.java:127)
	at org.testng.internal.TestMethodWorker.run(TestMethodWorker.java:111)
	at java.util.concurrent.ThreadPoolExecutor.runWorker(Unknown Source)
	at java.util.concurrent.ThreadPoolExecutor$Worker.run(Unknown Source)
	at java.lang.Thread.run(Unknown Source)
</pre></div></td>
<td>73</td>
<td>argos.saleslogix.selenium.test.GlobalMenuNavigationTests@1114133</td></tr>
<tr>
<td title='argos.saleslogix.selenium.test.GlobalMenuNavigationTests.test07_SeTestTCGlobalMenuEditLead()'><b>test07_SeTestTCGlobalMenuEditLead</b><br>Test class: argos.saleslogix.selenium.test.GlobalMenuNavigationTests</td>
<td><div><pre>java.lang.AssertionError: timeout
	at org.testng.Assert.fail(Assert.java:94)
	at argos.saleslogix.selenium.test.GlobalMenuNavigationTests.test07_SeTestTCGlobalMenuEditLead(GlobalMenuNavigationTests.java:1580)
	at sun.reflect.NativeMethodAccessorImpl.invoke0(Native Method)
	at sun.reflect.NativeMethodAccessorImpl.invoke(Unknown Source)
	at sun.reflect.DelegatingMethodAccessorImpl.invoke(Unknown Source)
	at java.lang.reflect.Method.invoke(Unknown Source)
	at org.testng.internal.MethodInvocationHelper.invokeMethod(MethodInvocationHelper.java:84)
	at org.testng.internal.Invoker.invokeMethod(Invoker.java:714)
	at org.testng.internal.Invoker.invokeTestMethod(Invoker.java:901)
	at org.testng.internal.Invoker.invokeTestMethods(Invoker.java:1231)
	at org.testng.internal.TestMethodWorker.invokeTestMethods(TestMethodWorker.java:127)
	at org.testng.internal.TestMethodWorker.run(TestMethodWorker.java:111)
	at java.util.concurrent.ThreadPoolExecutor.runWorker(Unknown Source)
	at java.util.concurrent.ThreadPoolExecutor$Worker.run(Unknown Source)
	at java.lang.Thread.run(Unknown Source)
</pre></div><a href='#' onClick='toggleBox("stack-trace17592685", this, "Click to show all stack frames", "Click to hide stack frames")'>Click to show all stack frames</a>
<div class='stack-trace' id='stack-trace17592685'><pre>java.lang.AssertionError: timeout
	at org.testng.Assert.fail(Assert.java:94)
	at argos.saleslogix.selenium.test.GlobalMenuNavigationTests.test07_SeTestTCGlobalMenuEditLead(GlobalMenuNavigationTests.java:1580)
	at sun.reflect.NativeMethodAccessorImpl.invoke0(Native Method)
	at sun.reflect.NativeMethodAccessorImpl.invoke(Unknown Source)
	at sun.reflect.DelegatingMethodAccessorImpl.invoke(Unknown Source)
	at java.lang.reflect.Method.invoke(Unknown Source)
	at org.testng.internal.MethodInvocationHelper.invokeMethod(MethodInvocationHelper.java:84)
	at org.testng.internal.Invoker.invokeMethod(Invoker.java:714)
	at org.testng.internal.Invoker.invokeTestMethod(Invoker.java:901)
	at org.testng.internal.Invoker.invokeTestMethods(Invoker.java:1231)
	at org.testng.internal.TestMethodWorker.invokeTestMethods(TestMethodWorker.java:127)
	at org.testng.internal.TestMethodWorker.run(TestMethodWorker.java:111)
	at java.util.concurrent.ThreadPoolExecutor.runWorker(Unknown Source)
	at java.util.concurrent.ThreadPoolExecutor$Worker.run(Unknown Source)
	at java.lang.Thread.run(Unknown Source)
</pre></div></td>
<td>77</td>
<td>argos.saleslogix.selenium.test.GlobalMenuNavigationTests@1114133</td></tr>
<tr>
<td title='argos.saleslogix.selenium.test.GlobalMenuNavigationTests.test08_SeTestTCGlobalMenuEditNote()'><b>test08_SeTestTCGlobalMenuEditNote</b><br>Test class: argos.saleslogix.selenium.test.GlobalMenuNavigationTests</td>
<td><div><pre>java.lang.AssertionError: timeout
	at org.testng.Assert.fail(Assert.java:94)
	at argos.saleslogix.selenium.test.GlobalMenuNavigationTests.test08_SeTestTCGlobalMenuEditNote(GlobalMenuNavigationTests.java:1711)
	at sun.reflect.NativeMethodAccessorImpl.invoke0(Native Method)
	at sun.reflect.NativeMethodAccessorImpl.invoke(Unknown Source)
	at sun.reflect.DelegatingMethodAccessorImpl.invoke(Unknown Source)
	at java.lang.reflect.Method.invoke(Unknown Source)
	at org.testng.internal.MethodInvocationHelper.invokeMethod(MethodInvocationHelper.java:84)
	at org.testng.internal.Invoker.invokeMethod(Invoker.java:714)
	at org.testng.internal.Invoker.invokeTestMethod(Invoker.java:901)
	at org.testng.internal.Invoker.invokeTestMethods(Invoker.java:1231)
	at org.testng.internal.TestMethodWorker.invokeTestMethods(TestMethodWorker.java:127)
	at org.testng.internal.TestMethodWorker.run(TestMethodWorker.java:111)
	at java.util.concurrent.ThreadPoolExecutor.runWorker(Unknown Source)
	at java.util.concurrent.ThreadPoolExecutor$Worker.run(Unknown Source)
	at java.lang.Thread.run(Unknown Source)
</pre></div><a href='#' onClick='toggleBox("stack-trace3668135", this, "Click to show all stack frames", "Click to hide stack frames")'>Click to show all stack frames</a>
<div class='stack-trace' id='stack-trace3668135'><pre>java.lang.AssertionError: timeout
	at org.testng.Assert.fail(Assert.java:94)
	at argos.saleslogix.selenium.test.GlobalMenuNavigationTests.test08_SeTestTCGlobalMenuEditNote(GlobalMenuNavigationTests.java:1711)
	at sun.reflect.NativeMethodAccessorImpl.invoke0(Native Method)
	at sun.reflect.NativeMethodAccessorImpl.invoke(Unknown Source)
	at sun.reflect.DelegatingMethodAccessorImpl.invoke(Unknown Source)
	at java.lang.reflect.Method.invoke(Unknown Source)
	at org.testng.internal.MethodInvocationHelper.invokeMethod(MethodInvocationHelper.java:84)
	at org.testng.internal.Invoker.invokeMethod(Invoker.java:714)
	at org.testng.internal.Invoker.invokeTestMethod(Invoker.java:901)
	at org.testng.internal.Invoker.invokeTestMethods(Invoker.java:1231)
	at org.testng.internal.TestMethodWorker.invokeTestMethods(TestMethodWorker.java:127)
	at org.testng.internal.TestMethodWorker.run(TestMethodWorker.java:111)
	at java.util.concurrent.ThreadPoolExecutor.runWorker(Unknown Source)
	at java.util.concurrent.ThreadPoolExecutor$Worker.run(Unknown Source)
	at java.lang.Thread.run(Unknown Source)
</pre></div></td>
<td>72</td>
<td>argos.saleslogix.selenium.test.GlobalMenuNavigationTests@1114133</td></tr>
<tr>
<td title='argos.saleslogix.selenium.test.GlobalMenuNavigationTests.test10_SeTestTCGlobalMenuEditOpportunityScreens()'><b>test10_SeTestTCGlobalMenuEditOpportunityScreens</b><br>Test class: argos.saleslogix.selenium.test.GlobalMenuNavigationTests</td>
<td><div><pre>java.lang.AssertionError: timeout
	at org.testng.Assert.fail(Assert.java:94)
	at argos.saleslogix.selenium.test.GlobalMenuNavigationTests.test10_SeTestTCGlobalMenuEditOpportunityScreens(GlobalMenuNavigationTests.java:2172)
	at sun.reflect.NativeMethodAccessorImpl.invoke0(Native Method)
	at sun.reflect.NativeMethodAccessorImpl.invoke(Unknown Source)
	at sun.reflect.DelegatingMethodAccessorImpl.invoke(Unknown Source)
	at java.lang.reflect.Method.invoke(Unknown Source)
	at org.testng.internal.MethodInvocationHelper.invokeMethod(MethodInvocationHelper.java:84)
	at org.testng.internal.Invoker.invokeMethod(Invoker.java:714)
	at org.testng.internal.Invoker.invokeTestMethod(Invoker.java:901)
	at org.testng.internal.Invoker.invokeTestMethods(Invoker.java:1231)
	at org.testng.internal.TestMethodWorker.invokeTestMethods(TestMethodWorker.java:127)
	at org.testng.internal.TestMethodWorker.run(TestMethodWorker.java:111)
	at java.util.concurrent.ThreadPoolExecutor.runWorker(Unknown Source)
	at java.util.concurrent.ThreadPoolExecutor$Worker.run(Unknown Source)
	at java.lang.Thread.run(Unknown Source)
</pre></div><a href='#' onClick='toggleBox("stack-trace1030324", this, "Click to show all stack frames", "Click to hide stack frames")'>Click to show all stack frames</a>
<div class='stack-trace' id='stack-trace1030324'><pre>java.lang.AssertionError: timeout
	at org.testng.Assert.fail(Assert.java:94)
	at argos.saleslogix.selenium.test.GlobalMenuNavigationTests.test10_SeTestTCGlobalMenuEditOpportunityScreens(GlobalMenuNavigationTests.java:2172)
	at sun.reflect.NativeMethodAccessorImpl.invoke0(Native Method)
	at sun.reflect.NativeMethodAccessorImpl.invoke(Unknown Source)
	at sun.reflect.DelegatingMethodAccessorImpl.invoke(Unknown Source)
	at java.lang.reflect.Method.invoke(Unknown Source)
	at org.testng.internal.MethodInvocationHelper.invokeMethod(MethodInvocationHelper.java:84)
	at org.testng.internal.Invoker.invokeMethod(Invoker.java:714)
	at org.testng.internal.Invoker.invokeTestMethod(Invoker.java:901)
	at org.testng.internal.Invoker.invokeTestMethods(Invoker.java:1231)
	at org.testng.internal.TestMethodWorker.invokeTestMethods(TestMethodWorker.java:127)
	at org.testng.internal.TestMethodWorker.run(TestMethodWorker.java:111)
	at java.util.concurrent.ThreadPoolExecutor.runWorker(Unknown Source)
	at java.util.concurrent.ThreadPoolExecutor$Worker.run(Unknown Source)
	at java.lang.Thread.run(Unknown Source)
</pre></div></td>
<td>81</td>
<td>argos.saleslogix.selenium.test.GlobalMenuNavigationTests@1114133</td></tr>
<tr>
<td title='argos.saleslogix.selenium.test.GlobalMenuNavigationTests.test11_SeTestTCGlobalMenuEditOppProductScreens()'><b>test11_SeTestTCGlobalMenuEditOppProductScreens</b><br>Test class: argos.saleslogix.selenium.test.GlobalMenuNavigationTests</td>
<td><div><pre>java.lang.AssertionError: timeout
	at org.testng.Assert.fail(Assert.java:94)
	at argos.saleslogix.selenium.test.GlobalMenuNavigationTests.test11_SeTestTCGlobalMenuEditOppProductScreens(GlobalMenuNavigationTests.java:2321)
	at sun.reflect.NativeMethodAccessorImpl.invoke0(Native Method)
	at sun.reflect.NativeMethodAccessorImpl.invoke(Unknown Source)
	at sun.reflect.DelegatingMethodAccessorImpl.invoke(Unknown Source)
	at java.lang.reflect.Method.invoke(Unknown Source)
	at org.testng.internal.MethodInvocationHelper.invokeMethod(MethodInvocationHelper.java:84)
	at org.testng.internal.Invoker.invokeMethod(Invoker.java:714)
	at org.testng.internal.Invoker.invokeTestMethod(Invoker.java:901)
	at org.testng.internal.Invoker.invokeTestMethods(Invoker.java:1231)
	at org.testng.internal.TestMethodWorker.invokeTestMethods(TestMethodWorker.java:127)
	at org.testng.internal.TestMethodWorker.run(TestMethodWorker.java:111)
	at java.util.concurrent.ThreadPoolExecutor.runWorker(Unknown Source)
	at java.util.concurrent.ThreadPoolExecutor$Worker.run(Unknown Source)
	at java.lang.Thread.run(Unknown Source)
</pre></div><a href='#' onClick='toggleBox("stack-trace3008112", this, "Click to show all stack frames", "Click to hide stack frames")'>Click to show all stack frames</a>
<div class='stack-trace' id='stack-trace3008112'><pre>java.lang.AssertionError: timeout
	at org.testng.Assert.fail(Assert.java:94)
	at argos.saleslogix.selenium.test.GlobalMenuNavigationTests.test11_SeTestTCGlobalMenuEditOppProductScreens(GlobalMenuNavigationTests.java:2321)
	at sun.reflect.NativeMethodAccessorImpl.invoke0(Native Method)
	at sun.reflect.NativeMethodAccessorImpl.invoke(Unknown Source)
	at sun.reflect.DelegatingMethodAccessorImpl.invoke(Unknown Source)
	at java.lang.reflect.Method.invoke(Unknown Source)
	at org.testng.internal.MethodInvocationHelper.invokeMethod(MethodInvocationHelper.java:84)
	at org.testng.internal.Invoker.invokeMethod(Invoker.java:714)
	at org.testng.internal.Invoker.invokeTestMethod(Invoker.java:901)
	at org.testng.internal.Invoker.invokeTestMethods(Invoker.java:1231)
	at org.testng.internal.TestMethodWorker.invokeTestMethods(TestMethodWorker.java:127)
	at org.testng.internal.TestMethodWorker.run(TestMethodWorker.java:111)
	at java.util.concurrent.ThreadPoolExecutor.runWorker(Unknown Source)
	at java.util.concurrent.ThreadPoolExecutor$Worker.run(Unknown Source)
	at java.lang.Thread.run(Unknown Source)
</pre></div></td>
<td>80</td>
<td>argos.saleslogix.selenium.test.GlobalMenuNavigationTests@1114133</td></tr>
<tr>
<td title='argos.saleslogix.selenium.test.GlobalMenuNavigationTests.test12_SeTestTCGlobalMenuEditOppTicketScreens()'><b>test12_SeTestTCGlobalMenuEditOppTicketScreens</b><br>Test class: argos.saleslogix.selenium.test.GlobalMenuNavigationTests</td>
<td><div><pre>java.lang.AssertionError: timeout
	at org.testng.Assert.fail(Assert.java:94)
	at argos.saleslogix.selenium.test.GlobalMenuNavigationTests.test12_SeTestTCGlobalMenuEditOppTicketScreens(GlobalMenuNavigationTests.java:2434)
	at sun.reflect.NativeMethodAccessorImpl.invoke0(Native Method)
	at sun.reflect.NativeMethodAccessorImpl.invoke(Unknown Source)
	at sun.reflect.DelegatingMethodAccessorImpl.invoke(Unknown Source)
	at java.lang.reflect.Method.invoke(Unknown Source)
	at org.testng.internal.MethodInvocationHelper.invokeMethod(MethodInvocationHelper.java:84)
	at org.testng.internal.Invoker.invokeMethod(Invoker.java:714)
	at org.testng.internal.Invoker.invokeTestMethod(Invoker.java:901)
	at org.testng.internal.Invoker.invokeTestMethods(Invoker.java:1231)
	at org.testng.internal.TestMethodWorker.invokeTestMethods(TestMethodWorker.java:127)
	at org.testng.internal.TestMethodWorker.run(TestMethodWorker.java:111)
	at java.util.concurrent.ThreadPoolExecutor.runWorker(Unknown Source)
	at java.util.concurrent.ThreadPoolExecutor$Worker.run(Unknown Source)
	at java.lang.Thread.run(Unknown Source)
</pre></div><a href='#' onClick='toggleBox("stack-trace22242248", this, "Click to show all stack frames", "Click to hide stack frames")'>Click to show all stack frames</a>
<div class='stack-trace' id='stack-trace22242248'><pre>java.lang.AssertionError: timeout
	at org.testng.Assert.fail(Assert.java:94)
	at argos.saleslogix.selenium.test.GlobalMenuNavigationTests.test12_SeTestTCGlobalMenuEditOppTicketScreens(GlobalMenuNavigationTests.java:2434)
	at sun.reflect.NativeMethodAccessorImpl.invoke0(Native Method)
	at sun.reflect.NativeMethodAccessorImpl.invoke(Unknown Source)
	at sun.reflect.DelegatingMethodAccessorImpl.invoke(Unknown Source)
	at java.lang.reflect.Method.invoke(Unknown Source)
	at org.testng.internal.MethodInvocationHelper.invokeMethod(MethodInvocationHelper.java:84)
	at org.testng.internal.Invoker.invokeMethod(Invoker.java:714)
	at org.testng.internal.Invoker.invokeTestMethod(Invoker.java:901)
	at org.testng.internal.Invoker.invokeTestMethods(Invoker.java:1231)
	at org.testng.internal.TestMethodWorker.invokeTestMethods(TestMethodWorker.java:127)
	at org.testng.internal.TestMethodWorker.run(TestMethodWorker.java:111)
	at java.util.concurrent.ThreadPoolExecutor.runWorker(Unknown Source)
	at java.util.concurrent.ThreadPoolExecutor$Worker.run(Unknown Source)
	at java.lang.Thread.run(Unknown Source)
</pre></div></td>
<td>71</td>
<td>argos.saleslogix.selenium.test.GlobalMenuNavigationTests@1114133</td></tr>
<tr>
<td title='argos.saleslogix.selenium.test.GlobalMenuNavigationTests.test13_SeTestTCGlobalMenuEditTicketActivitiesScreens()'><b>test13_SeTestTCGlobalMenuEditTicketActivitiesScreens</b><br>Test class: argos.saleslogix.selenium.test.GlobalMenuNavigationTests</td>
<td><div><pre>java.lang.AssertionError: timeout
	at org.testng.Assert.fail(Assert.java:94)
	at argos.saleslogix.selenium.test.GlobalMenuNavigationTests.test13_SeTestTCGlobalMenuEditTicketActivitiesScreens(GlobalMenuNavigationTests.java:2786)
	at sun.reflect.NativeMethodAccessorImpl.invoke0(Native Method)
	at sun.reflect.NativeMethodAccessorImpl.invoke(Unknown Source)
	at sun.reflect.DelegatingMethodAccessorImpl.invoke(Unknown Source)
	at java.lang.reflect.Method.invoke(Unknown Source)
	at org.testng.internal.MethodInvocationHelper.invokeMethod(MethodInvocationHelper.java:84)
	at org.testng.internal.Invoker.invokeMethod(Invoker.java:714)
	at org.testng.internal.Invoker.invokeTestMethod(Invoker.java:901)
	at org.testng.internal.Invoker.invokeTestMethods(Invoker.java:1231)
	at org.testng.internal.TestMethodWorker.invokeTestMethods(TestMethodWorker.java:127)
	at org.testng.internal.TestMethodWorker.run(TestMethodWorker.java:111)
	at java.util.concurrent.ThreadPoolExecutor.runWorker(Unknown Source)
	at java.util.concurrent.ThreadPoolExecutor$Worker.run(Unknown Source)
	at java.lang.Thread.run(Unknown Source)
</pre></div><a href='#' onClick='toggleBox("stack-trace6604009", this, "Click to show all stack frames", "Click to hide stack frames")'>Click to show all stack frames</a>
<div class='stack-trace' id='stack-trace6604009'><pre>java.lang.AssertionError: timeout
	at org.testng.Assert.fail(Assert.java:94)
	at argos.saleslogix.selenium.test.GlobalMenuNavigationTests.test13_SeTestTCGlobalMenuEditTicketActivitiesScreens(GlobalMenuNavigationTests.java:2786)
	at sun.reflect.NativeMethodAccessorImpl.invoke0(Native Method)
	at sun.reflect.NativeMethodAccessorImpl.invoke(Unknown Source)
	at sun.reflect.DelegatingMethodAccessorImpl.invoke(Unknown Source)
	at java.lang.reflect.Method.invoke(Unknown Source)
	at org.testng.internal.MethodInvocationHelper.invokeMethod(MethodInvocationHelper.java:84)
	at org.testng.internal.Invoker.invokeMethod(Invoker.java:714)
	at org.testng.internal.Invoker.invokeTestMethod(Invoker.java:901)
	at org.testng.internal.Invoker.invokeTestMethods(Invoker.java:1231)
	at org.testng.internal.TestMethodWorker.invokeTestMethods(TestMethodWorker.java:127)
	at org.testng.internal.TestMethodWorker.run(TestMethodWorker.java:111)
	at java.util.concurrent.ThreadPoolExecutor.runWorker(Unknown Source)
	at java.util.concurrent.ThreadPoolExecutor$Worker.run(Unknown Source)
	at java.lang.Thread.run(Unknown Source)
</pre></div></td>
<td>75</td>
<td>argos.saleslogix.selenium.test.GlobalMenuNavigationTests@1114133</td></tr>
<tr>
<td title='argos.saleslogix.selenium.test.GlobalMenuNavigationTests.test15_SeTestTCGlobalMenuSearchAttachments()'><b>test15_SeTestTCGlobalMenuSearchAttachments</b><br>Test class: argos.saleslogix.selenium.test.GlobalMenuNavigationTests</td>
<td><div><pre>java.lang.AssertionError: timeout
	at org.testng.Assert.fail(Assert.java:94)
	at argos.saleslogix.selenium.test.GlobalMenuNavigationTests.test15_SeTestTCGlobalMenuSearchAttachments(GlobalMenuNavigationTests.java:3045)
	at sun.reflect.NativeMethodAccessorImpl.invoke0(Native Method)
	at sun.reflect.NativeMethodAccessorImpl.invoke(Unknown Source)
	at sun.reflect.DelegatingMethodAccessorImpl.invoke(Unknown Source)
	at java.lang.reflect.Method.invoke(Unknown Source)
	at org.testng.internal.MethodInvocationHelper.invokeMethod(MethodInvocationHelper.java:84)
	at org.testng.internal.Invoker.invokeMethod(Invoker.java:714)
	at org.testng.internal.Invoker.invokeTestMethod(Invoker.java:901)
	at org.testng.internal.Invoker.invokeTestMethods(Invoker.java:1231)
	at org.testng.internal.TestMethodWorker.invokeTestMethods(TestMethodWorker.java:127)
	at org.testng.internal.TestMethodWorker.run(TestMethodWorker.java:111)
	at java.util.concurrent.ThreadPoolExecutor.runWorker(Unknown Source)
	at java.util.concurrent.ThreadPoolExecutor$Worker.run(Unknown Source)
	at java.lang.Thread.run(Unknown Source)
</pre></div><a href='#' onClick='toggleBox("stack-trace23978559", this, "Click to show all stack frames", "Click to hide stack frames")'>Click to show all stack frames</a>
<div class='stack-trace' id='stack-trace23978559'><pre>java.lang.AssertionError: timeout
	at org.testng.Assert.fail(Assert.java:94)
	at argos.saleslogix.selenium.test.GlobalMenuNavigationTests.test15_SeTestTCGlobalMenuSearchAttachments(GlobalMenuNavigationTests.java:3045)
	at sun.reflect.NativeMethodAccessorImpl.invoke0(Native Method)
	at sun.reflect.NativeMethodAccessorImpl.invoke(Unknown Source)
	at sun.reflect.DelegatingMethodAccessorImpl.invoke(Unknown Source)
	at java.lang.reflect.Method.invoke(Unknown Source)
	at org.testng.internal.MethodInvocationHelper.invokeMethod(MethodInvocationHelper.java:84)
	at org.testng.internal.Invoker.invokeMethod(Invoker.java:714)
	at org.testng.internal.Invoker.invokeTestMethod(Invoker.java:901)
	at org.testng.internal.Invoker.invokeTestMethods(Invoker.java:1231)
	at org.testng.internal.TestMethodWorker.invokeTestMethods(TestMethodWorker.java:127)
	at org.testng.internal.TestMethodWorker.run(TestMethodWorker.java:111)
	at java.util.concurrent.ThreadPoolExecutor.runWorker(Unknown Source)
	at java.util.concurrent.ThreadPoolExecutor$Worker.run(Unknown Source)
	at java.lang.Thread.run(Unknown Source)
</pre></div></td>
<td>69</td>
<td>argos.saleslogix.selenium.test.GlobalMenuNavigationTests@1114133</td></tr>
</table><p>
<table width='100%' border='1' class='invocation-passed'>
<tr><td colspan='4' align='center'><b>PASSED TESTS</b></td></tr>
<tr><td><b>Test method</b></td>
<td width="30%"><b>Exception</b></td>
<td width="10%"><b>Time (seconds)</b></td>
<td><b>Instance</b></td>
</tr>
<tr>
<td title='argos.saleslogix.selenium.test.GlobalMenuNavigationTests.test00_Mobile_Login()'><b>test00_Mobile_Login</b><br>Test class: argos.saleslogix.selenium.test.GlobalMenuNavigationTests</td>
<td></td>
<td>19</td>
<td>argos.saleslogix.selenium.test.GlobalMenuNavigationTests@1114133</td></tr>
<tr>
<td title='argos.saleslogix.selenium.test.GlobalMenuNavigationTests.test01_SeTestTCGlobalMenuAddAccountContactScreens()'><b>test01_SeTestTCGlobalMenuAddAccountContactScreens</b><br>Test class: argos.saleslogix.selenium.test.GlobalMenuNavigationTests</td>
<td></td>
<td>18</td>
<td>argos.saleslogix.selenium.test.GlobalMenuNavigationTests@1114133</td></tr>
<tr>
<td title='argos.saleslogix.selenium.test.GlobalMenuNavigationTests.test02_SeTestTCGlobalMenuCompleteActivityScreens()'><b>test02_SeTestTCGlobalMenuCompleteActivityScreens</b><br>Test class: argos.saleslogix.selenium.test.GlobalMenuNavigationTests</td>
<td></td>
<td>19</td>
<td>argos.saleslogix.selenium.test.GlobalMenuNavigationTests@1114133</td></tr>
<tr>
<td title='argos.saleslogix.selenium.test.GlobalMenuNavigationTests.test03_SeTestTCGlobalMenuDoSpeedSearch()'><b>test03_SeTestTCGlobalMenuDoSpeedSearch</b><br>Test class: argos.saleslogix.selenium.test.GlobalMenuNavigationTests</td>
<td></td>
<td>6</td>
<td>argos.saleslogix.selenium.test.GlobalMenuNavigationTests@1114133</td></tr>
<tr>
<td title='argos.saleslogix.selenium.test.GlobalMenuNavigationTests.test04_SeTestTCGlobalMenuEditAccount()'><b>test04_SeTestTCGlobalMenuEditAccount</b><br>Test class: argos.saleslogix.selenium.test.GlobalMenuNavigationTests</td>
<td></td>
<td>10</td>
<td>argos.saleslogix.selenium.test.GlobalMenuNavigationTests@1114133</td></tr>
<tr>
<td title='argos.saleslogix.selenium.test.GlobalMenuNavigationTests.test14_SeTestTCGlobalMenuItemCheck()'><b>test14_SeTestTCGlobalMenuItemCheck</b><br>Test class: argos.saleslogix.selenium.test.GlobalMenuNavigationTests</td>
<td></td>
<td>3</td>
<td>argos.saleslogix.selenium.test.GlobalMenuNavigationTests@1114133</td></tr>
<tr>
<td title='argos.saleslogix.selenium.test.GlobalMenuNavigationTests.test99_Mobile_LogOut()'><b>test99_Mobile_LogOut</b><br>Test class: argos.saleslogix.selenium.test.GlobalMenuNavigationTests</td>
<td></td>
<td>12</td>
<td>argos.saleslogix.selenium.test.GlobalMenuNavigationTests@1114133</td></tr>
</table><p>
</body>
</html>