<?xml version="1.0" encoding="UTF-8"?>
<!-- Generated by org.testng.reporters.JUnitReportReporter -->
<testsuite hostname="ML02W7U" name="argos.saleslogix.selenium.test.GlobalMenuNavigationTests" tests="16" failures="0" timestamp="17 Jun 2013 16:10:48 GMT" time="693.836" errors="9">
  <testcase name="test07_SeTestTCGlobalMenuEditLead" time="77.174" classname="argos.saleslogix.selenium.test.GlobalMenuNavigationTests">
    <error type="java.lang.AssertionError" message="timeout">
      <![CDATA[java.lang.AssertionError: timeout
	at org.testng.Assert.fail(Assert.java:94)
	at argos.saleslogix.selenium.test.GlobalMenuNavigationTests.test07_SeTestTCGlobalMenuEditLead(GlobalMenuNavigationTests.java:1580)
	at sun.reflect.NativeMethodAccessorImpl.invoke0(Native Method)
	at sun.reflect.NativeMethodAccessorImpl.invoke(Unknown Source)
	at sun.reflect.DelegatingMethodAccessorImpl.invoke(Unknown Source)
	at java.lang.reflect.Method.invoke(Unknown Source)
	at org.testng.internal.MethodInvocationHelper.invokeMethod(MethodInvocationHelper.java:84)
	at org.testng.internal.Invoker.invokeMethod(Invoker.java:714)
	at org.testng.internal.Invoker.invokeTestMethod(Invoker.java:901)
	at org.testng.internal.Invoker.invokeTestMethods(Invoker.java:1231)
	at org.testng.internal.TestMethodWorker.invokeTestMethods(TestMethodWorker.java:127)
	at org.testng.internal.TestMethodWorker.run(TestMethodWorker.java:111)
	at java.util.concurrent.ThreadPoolExecutor.runWorker(Unknown Source)
	at java.util.concurrent.ThreadPoolExecutor$Worker.run(Unknown Source)
	at java.lang.Thread.run(Unknown Source)
]]>
    </error>
  </testcase> <!-- test07_SeTestTCGlobalMenuEditLead -->
  <testcase name="test06_SeTestTCGlobalMenuEditContact" time="73.830" classname="argos.saleslogix.selenium.test.GlobalMenuNavigationTests">
    <error type="java.lang.AssertionError" message="timeout">
      <![CDATA[java.lang.AssertionError: timeout
	at org.testng.Assert.fail(Assert.java:94)
	at argos.saleslogix.selenium.test.GlobalMenuNavigationTests.test06_SeTestTCGlobalMenuEditContact(GlobalMenuNavigationTests.java:1474)
	at sun.reflect.NativeMethodAccessorImpl.invoke0(Native Method)
	at sun.reflect.NativeMethodAccessorImpl.invoke(Unknown Source)
	at sun.reflect.DelegatingMethodAccessorImpl.invoke(Unknown Source)
	at java.lang.reflect.Method.invoke(Unknown Source)
	at org.testng.internal.MethodInvocationHelper.invokeMethod(MethodInvocationHelper.java:84)
	at org.testng.internal.Invoker.invokeMethod(Invoker.java:714)
	at org.testng.internal.Invoker.invokeTestMethod(Invoker.java:901)
	at org.testng.internal.Invoker.invokeTestMethods(Invoker.java:1231)
	at org.testng.internal.TestMethodWorker.invokeTestMethods(TestMethodWorker.java:127)
	at org.testng.internal.TestMethodWorker.run(TestMethodWorker.java:111)
	at java.util.concurrent.ThreadPoolExecutor.runWorker(Unknown Source)
	at java.util.concurrent.ThreadPoolExecutor$Worker.run(Unknown Source)
	at java.lang.Thread.run(Unknown Source)
]]>
    </error>
  </testcase> <!-- test06_SeTestTCGlobalMenuEditContact -->
  <testcase name="test12_SeTestTCGlobalMenuEditOppTicketScreens" time="71.569" classname="argos.saleslogix.selenium.test.GlobalMenuNavigationTests">
    <error type="java.lang.AssertionError" message="timeout">
      <![CDATA[java.lang.AssertionError: timeout
	at org.testng.Assert.fail(Assert.java:94)
	at argos.saleslogix.selenium.test.GlobalMenuNavigationTests.test12_SeTestTCGlobalMenuEditOppTicketScreens(GlobalMenuNavigationTests.java:2434)
	at sun.reflect.NativeMethodAccessorImpl.invoke0(Native Method)
	at sun.reflect.NativeMethodAccessorImpl.invoke(Unknown Source)
	at sun.reflect.DelegatingMethodAccessorImpl.invoke(Unknown Source)
	at java.lang.reflect.Method.invoke(Unknown Source)
	at org.testng.internal.MethodInvocationHelper.invokeMethod(MethodInvocationHelper.java:84)
	at org.testng.internal.Invoker.invokeMethod(Invoker.java:714)
	at org.testng.internal.Invoker.invokeTestMethod(Invoker.java:901)
	at org.testng.internal.Invoker.invokeTestMethods(Invoker.java:1231)
	at org.testng.internal.TestMethodWorker.invokeTestMethods(TestMethodWorker.java:127)
	at org.testng.internal.TestMethodWorker.run(TestMethodWorker.java:111)
	at java.util.concurrent.ThreadPoolExecutor.runWorker(Unknown Source)
	at java.util.concurrent.ThreadPoolExecutor$Worker.run(Unknown Source)
	at java.lang.Thread.run(Unknown Source)
]]>
    </error>
  </testcase> <!-- test12_SeTestTCGlobalMenuEditOppTicketScreens -->
  <testcase name="test01_SeTestTCGlobalMenuAddAccountContactScreens" time="18.940" classname="argos.saleslogix.selenium.test.GlobalMenuNavigationTests"/>
  <testcase name="test02_SeTestTCGlobalMenuCompleteActivityScreens" time="19.862" classname="argos.saleslogix.selenium.test.GlobalMenuNavigationTests"/>
  <testcase name="test14_SeTestTCGlobalMenuItemCheck" time="3.346" classname="argos.saleslogix.selenium.test.GlobalMenuNavigationTests"/>
  <testcase name="test13_SeTestTCGlobalMenuEditTicketActivitiesScreens" time="75.321" classname="argos.saleslogix.selenium.test.GlobalMenuNavigationTests">
    <error type="java.lang.AssertionError" message="timeout">
      <![CDATA[java.lang.AssertionError: timeout
	at org.testng.Assert.fail(Assert.java:94)
	at argos.saleslogix.selenium.test.GlobalMenuNavigationTests.test13_SeTestTCGlobalMenuEditTicketActivitiesScreens(GlobalMenuNavigationTests.java:2786)
	at sun.reflect.NativeMethodAccessorImpl.invoke0(Native Method)
	at sun.reflect.NativeMethodAccessorImpl.invoke(Unknown Source)
	at sun.reflect.DelegatingMethodAccessorImpl.invoke(Unknown Source)
	at java.lang.reflect.Method.invoke(Unknown Source)
	at org.testng.internal.MethodInvocationHelper.invokeMethod(MethodInvocationHelper.java:84)
	at org.testng.internal.Invoker.invokeMethod(Invoker.java:714)
	at org.testng.internal.Invoker.invokeTestMethod(Invoker.java:901)
	at org.testng.internal.Invoker.invokeTestMethods(Invoker.java:1231)
	at org.testng.internal.TestMethodWorker.invokeTestMethods(TestMethodWorker.java:127)
	at org.testng.internal.TestMethodWorker.run(TestMethodWorker.java:111)
	at java.util.concurrent.ThreadPoolExecutor.runWorker(Unknown Source)
	at java.util.concurrent.ThreadPoolExecutor$Worker.run(Unknown Source)
	at java.lang.Thread.run(Unknown Source)
]]>
    </error>
  </testcase> <!-- test13_SeTestTCGlobalMenuEditTicketActivitiesScreens -->
  <testcase name="test11_SeTestTCGlobalMenuEditOppProductScreens" time="80.446" classname="argos.saleslogix.selenium.test.GlobalMenuNavigationTests">
    <error type="java.lang.AssertionError" message="timeout">
      <![CDATA[java.lang.AssertionError: timeout
	at org.testng.Assert.fail(Assert.java:94)
	at argos.saleslogix.selenium.test.GlobalMenuNavigationTests.test11_SeTestTCGlobalMenuEditOppProductScreens(GlobalMenuNavigationTests.java:2321)
	at sun.reflect.NativeMethodAccessorImpl.invoke0(Native Method)
	at sun.reflect.NativeMethodAccessorImpl.invoke(Unknown Source)
	at sun.reflect.DelegatingMethodAccessorImpl.invoke(Unknown Source)
	at java.lang.reflect.Method.invoke(Unknown Source)
	at org.testng.internal.MethodInvocationHelper.invokeMethod(MethodInvocationHelper.java:84)
	at org.testng.internal.Invoker.invokeMethod(Invoker.java:714)
	at org.testng.internal.Invoker.invokeTestMethod(Invoker.java:901)
	at org.testng.internal.Invoker.invokeTestMethods(Invoker.java:1231)
	at org.testng.internal.TestMethodWorker.invokeTestMethods(TestMethodWorker.java:127)
	at org.testng.internal.TestMethodWorker.run(TestMethodWorker.java:111)
	at java.util.concurrent.ThreadPoolExecutor.runWorker(Unknown Source)
	at java.util.concurrent.ThreadPoolExecutor$Worker.run(Unknown Source)
	at java.lang.Thread.run(Unknown Source)
]]>
    </error>
  </testcase> <!-- test11_SeTestTCGlobalMenuEditOppProductScreens -->
  <testcase name="test03_SeTestTCGlobalMenuDoSpeedSearch" time="6.298" classname="argos.saleslogix.selenium.test.GlobalMenuNavigationTests"/>
  <testcase name="test08_SeTestTCGlobalMenuEditNote" time="72.517" classname="argos.saleslogix.selenium.test.GlobalMenuNavigationTests">
    <error type="java.lang.AssertionError" message="timeout">
      <![CDATA[java.lang.AssertionError: timeout
	at org.testng.Assert.fail(Assert.java:94)
	at argos.saleslogix.selenium.test.GlobalMenuNavigationTests.test08_SeTestTCGlobalMenuEditNote(GlobalMenuNavigationTests.java:1711)
	at sun.reflect.NativeMethodAccessorImpl.invoke0(Native Method)
	at sun.reflect.NativeMethodAccessorImpl.invoke(Unknown Source)
	at sun.reflect.DelegatingMethodAccessorImpl.invoke(Unknown Source)
	at java.lang.reflect.Method.invoke(Unknown Source)
	at org.testng.internal.MethodInvocationHelper.invokeMethod(MethodInvocationHelper.java:84)
	at org.testng.internal.Invoker.invokeMethod(Invoker.java:714)
	at org.testng.internal.Invoker.invokeTestMethod(Invoker.java:901)
	at org.testng.internal.Invoker.invokeTestMethods(Invoker.java:1231)
	at org.testng.internal.TestMethodWorker.invokeTestMethods(TestMethodWorker.java:127)
	at org.testng.internal.TestMethodWorker.run(TestMethodWorker.java:111)
	at java.util.concurrent.ThreadPoolExecutor.runWorker(Unknown Source)
	at java.util.concurrent.ThreadPoolExecutor$Worker.run(Unknown Source)
	at java.lang.Thread.run(Unknown Source)
]]>
    </error>
  </testcase> <!-- test08_SeTestTCGlobalMenuEditNote -->
  <testcase name="test15_SeTestTCGlobalMenuSearchAttachments" time="69.977" classname="argos.saleslogix.selenium.test.GlobalMenuNavigationTests">
    <error type="java.lang.AssertionError" message="timeout">
      <![CDATA[java.lang.AssertionError: timeout
	at org.testng.Assert.fail(Assert.java:94)
	at argos.saleslogix.selenium.test.GlobalMenuNavigationTests.test15_SeTestTCGlobalMenuSearchAttachments(GlobalMenuNavigationTests.java:3045)
	at sun.reflect.NativeMethodAccessorImpl.invoke0(Native Method)
	at sun.reflect.NativeMethodAccessorImpl.invoke(Unknown Source)
	at sun.reflect.DelegatingMethodAccessorImpl.invoke(Unknown Source)
	at java.lang.reflect.Method.invoke(Unknown Source)
	at org.testng.internal.MethodInvocationHelper.invokeMethod(MethodInvocationHelper.java:84)
	at org.testng.internal.Invoker.invokeMethod(Invoker.java:714)
	at org.testng.internal.Invoker.invokeTestMethod(Invoker.java:901)
	at org.testng.internal.Invoker.invokeTestMethods(Invoker.java:1231)
	at org.testng.internal.TestMethodWorker.invokeTestMethods(TestMethodWorker.java:127)
	at org.testng.internal.TestMethodWorker.run(TestMethodWorker.java:111)
	at java.util.concurrent.ThreadPoolExecutor.runWorker(Unknown Source)
	at java.util.concurrent.ThreadPoolExecutor$Worker.run(Unknown Source)
	at java.lang.Thread.run(Unknown Source)
]]>
    </error>
  </testcase> <!-- test15_SeTestTCGlobalMenuSearchAttachments -->
  <testcase name="test99_Mobile_LogOut" time="12.283" classname="argos.saleslogix.selenium.test.GlobalMenuNavigationTests"/>
  <testcase name="test05_SeTestTCGlobalMenuEditActivity" time="0.635" classname="argos.saleslogix.selenium.test.GlobalMenuNavigationTests">
    <error type="java.lang.AssertionError" message="expected:&lt;Complete Activity&gt; but was:&lt;&gt;">
      <![CDATA[java.lang.AssertionError: expected:<Complete Activity> but was:<>
	at org.testng.AssertJUnit.assertEquals(AssertJUnit.java:101)
	at org.testng.AssertJUnit.assertEquals(AssertJUnit.java:108)
	at argos.saleslogix.selenium.test.GlobalMenuNavigationTests.test05_SeTestTCGlobalMenuEditActivity(GlobalMenuNavigationTests.java:1056)
	at sun.reflect.NativeMethodAccessorImpl.invoke0(Native Method)
	at sun.reflect.NativeMethodAccessorImpl.invoke(Unknown Source)
	at sun.reflect.DelegatingMethodAccessorImpl.invoke(Unknown Source)
	at java.lang.reflect.Method.invoke(Unknown Source)
	at org.testng.internal.MethodInvocationHelper.invokeMethod(MethodInvocationHelper.java:84)
	at org.testng.internal.Invoker.invokeMethod(Invoker.java:714)
	at org.testng.internal.Invoker.invokeTestMethod(Invoker.java:901)
	at org.testng.internal.Invoker.invokeTestMethods(Invoker.java:1231)
	at org.testng.internal.TestMethodWorker.invokeTestMethods(TestMethodWorker.java:127)
	at org.testng.internal.TestMethodWorker.run(TestMethodWorker.java:111)
	at java.util.concurrent.ThreadPoolExecutor.runWorker(Unknown Source)
	at java.util.concurrent.ThreadPoolExecutor$Worker.run(Unknown Source)
	at java.lang.Thread.run(Unknown Source)
]]>
    </error>
  </testcase> <!-- test05_SeTestTCGlobalMenuEditActivity -->
  <testcase name="test10_SeTestTCGlobalMenuEditOpportunityScreens" time="81.427" classname="argos.saleslogix.selenium.test.GlobalMenuNavigationTests">
    <error type="java.lang.AssertionError" message="timeout">
      <![CDATA[java.lang.AssertionError: timeout
	at org.testng.Assert.fail(Assert.java:94)
	at argos.saleslogix.selenium.test.GlobalMenuNavigationTests.test10_SeTestTCGlobalMenuEditOpportunityScreens(GlobalMenuNavigationTests.java:2172)
	at sun.reflect.NativeMethodAccessorImpl.invoke0(Native Method)
	at sun.reflect.NativeMethodAccessorImpl.invoke(Unknown Source)
	at sun.reflect.DelegatingMethodAccessorImpl.invoke(Unknown Source)
	at java.lang.reflect.Method.invoke(Unknown Source)
	at org.testng.internal.MethodInvocationHelper.invokeMethod(MethodInvocationHelper.java:84)
	at org.testng.internal.Invoker.invokeMethod(Invoker.java:714)
	at org.testng.internal.Invoker.invokeTestMethod(Invoker.java:901)
	at org.testng.internal.Invoker.invokeTestMethods(Invoker.java:1231)
	at org.testng.internal.TestMethodWorker.invokeTestMethods(TestMethodWorker.java:127)
	at org.testng.internal.TestMethodWorker.run(TestMethodWorker.java:111)
	at java.util.concurrent.ThreadPoolExecutor.runWorker(Unknown Source)
	at java.util.concurrent.ThreadPoolExecutor$Worker.run(Unknown Source)
	at java.lang.Thread.run(Unknown Source)
]]>
    </error>
  </testcase> <!-- test10_SeTestTCGlobalMenuEditOpportunityScreens -->
  <testcase name="test00_Mobile_Login" time="19.615" classname="argos.saleslogix.selenium.test.GlobalMenuNavigationTests"/>
  <testcase name="test04_SeTestTCGlobalMenuEditAccount" time="10.596" classname="argos.saleslogix.selenium.test.GlobalMenuNavigationTests"/>
</testsuite> <!-- argos.saleslogix.selenium.test.GlobalMenuNavigationTests -->
